IP Upgrade report for DE10_Standard_golden_top
Mon Sep 10 14:16:37 2018
Quartus Prime Version 17.1.0 Build 590 10/25/2017 SJ Standard Edition


---------------------
; Table of Contents ;
---------------------
  1. Legal Notice
  2. IP Upgrade Summary
  3. Successfully Upgraded IP Components
  4. IP Upgrade Messages



----------------
; Legal Notice ;
----------------
Copyright (C) 2017  Intel Corporation. All rights reserved.
Your use of Intel Corporation's design tools, logic functions 
and other software and tools, and its AMPP partner logic 
functions, and any output files from any of the foregoing 
(including device programming or simulation files), and any 
associated documentation or information are expressly subject 
to the terms and conditions of the Intel Program License 
Subscription Agreement, the Intel Quartus Prime License Agreement,
the Intel FPGA IP License Agreement, or other applicable license
agreement, including, without limitation, that your use is for
the sole purpose of programming logic devices manufactured by
Intel and sold by Intel or its authorized distributors.  Please
refer to the applicable agreement for further details.



+--------------------------------------------------------------------------------+
; IP Upgrade Summary                                                             ;
+------------------------------+-------------------------------------------------+
; IP Components Upgrade Status ; Passed - Mon Sep 10 14:16:37 2018               ;
; Quartus Prime Version        ; 17.1.0 Build 590 10/25/2017 SJ Standard Edition ;
; Revision Name                ; DE10_Standard_golden_top                        ;
; Top-level Entity Name        ; DE10_Standard_golden_top                        ;
; Family                       ; Cyclone V                                       ;
+------------------------------+-------------------------------------------------+


+------------------------------------------------------------------------------------------------------------------+
; Successfully Upgraded IP Components                                                                              ;
+-------------+----------------+---------+----------------------+----------------------+-----------------+---------+
; Entity Name ; Component Name ; Version ; Original Source File ; Generation File Path ; New Source File ; Message ;
+-------------+----------------+---------+----------------------+----------------------+-----------------+---------+
; IDDR1       ; ALTDDIO_IN     ; 17.0    ; IDDR1.qip            ; IDDR1.v              ; IDDR1.qip       ;         ;
+-------------+----------------+---------+----------------------+----------------------+-----------------+---------+


+---------------------+
; IP Upgrade Messages ;
+---------------------+
Info (11902): Backing up file "IDDR1.v" to "IDDR1.BAK.v"
Info (11837): Started upgrading IP component ALTDDIO_IN with file "IDDR1.v"
Info (11131): Completed upgrading IP component ALTDDIO_IN with file "IDDR1.v"
Info (23030): Evaluation of Tcl script c:/intelfpga/17.1/quartus/common/tcl/internal/ip_regen/ip_regen.tcl was successful
Info: Quartus Prime Shell was successful. 0 errors, 0 warnings
    Info: Peak virtual memory: 4941 megabytes
    Info: Processing ended: Mon Sep 10 14:16:37 2018
    Info: Elapsed time: 00:00:19
    Info: Total CPU time (on all processors): 00:00:29


